#
# A fatal error has been detected by the Java Runtime Environment:
#
#  EXCEPTION_INVALID_DISPOSITION (0xc0000026) at pc=0x00007ffc7cadcdd0, pid=11040, tid=0x0000000000002f60
#
# JRE version: Java(TM) SE Runtime Environment (8.0_111-b14) (build 1.8.0_111-b14)
# Java VM: Java HotSpot(TM) 64-Bit Server VM (25.111-b14 mixed mode windows-amd64 compressed oops)
# Problematic frame:
# C  [ntdll.dll+0xecdd0]
#
# Failed to write core dump. Minidumps are not enabled by default on client versions of Windows
#
# If you would like to submit a bug report, please visit:
#   http://bugreport.java.com/bugreport/crash.jsp
#

---------------  T H R E A D  ---------------

Current thread (0x0000000018a14000):  JavaThread "JavaFX Application Thread" [_thread_in_vm, id=12128, stack(0x0000000019520000,0x0000000019620000)]

siginfo: ExceptionCode=0xc0000026

Registers:
RAX=0x0000000000000000, RBX=0x00000000c0000026, RCX=0x00000000162647f8, RDX=0x000000001625fad8
RSP=0x000000001961b510, RBP=0x000000001961b610, RSI=0x000000001961c670, RDI=0x0000000000000000
R8 =0x0000000000000012, R9 =0x00000000022bf1c9, R10=0x0000000000000002, R11=0x000000001961b798
R12=0x0000000000000000, R13=0x0000000000000000, R14=0x000000006970143f, R15=0x000000001961c180
RIP=0x00007ffc7cadcdd0, EFLAGS=0x0000000000000202

Top of Stack: (sp=0x000000001961b510)
0x000000001961b510:   0000000000000000 000000001c814610
0x000000001961b520:   00000000c0000026 000000001c819820
0x000000001961b530:   00000001c0000026 0000000000000000
0x000000001961b540:   00007ffc7cadcdd0 0000000000000000
0x000000001961b550:   0000000000000000 0000000000000000
0x000000001961b560:   0000000000000000 0000000000000000
0x000000001961b570:   0000000000000000 0000000000000000
0x000000001961b580:   0000000000000000 0000000000000000
0x000000001961b590:   0000000000000000 0000000000000000
0x000000001961b5a0:   0000000000000000 0000000000000000
0x000000001961b5b0:   0000000000000000 0000000000000000
0x000000001961b5c0:   0000000000000000 0000000000000000
0x000000001961b5d0:   0000000000000000 0000000000000000
0x000000001961b5e0:   0000000000000000 0000000000000000
0x000000001961b5f0:   00000000022bf1c9 000000001961b798
0x000000001961b600:   00001faf0010000f 0053002b002b0033 

Instructions: (pc=0x00007ffc7cadcdd0)
0x00007ffc7cadcdb0:   48 89 5c 24 10 55 48 8d ac 24 70 fb ff ff 48 81
0x00007ffc7cadcdc0:   ec 90 05 00 00 8b d9 48 8d 4d c0 e8 50 58 fa ff
0x00007ffc7cadcdd0:   48 8b 85 b8 00 00 00 33 c9 48 89 4c 24 28 89 4c
0x00007ffc7cadcde0:   24 38 89 5c 24 20 48 89 44 24 30 c7 44 24 24 01 


Register to memory mapping:

RAX=0x0000000000000000 is an unknown value
RBX=0x00000000c0000026 is an unallocated location in the heap
RCX=0x00000000162647f8 is pointing into metadata
RDX=0x000000001625fad8 is pointing into metadata
RSP=0x000000001961b510 is pointing into the stack for thread: 0x0000000018a14000
RBP=0x000000001961b610 is pointing into the stack for thread: 0x0000000018a14000
RSI=0x000000001961c670 is pointing into the stack for thread: 0x0000000018a14000
RDI=0x0000000000000000 is an unknown value
R8 =0x0000000000000012 is an unknown value
R9 =0x00000000022bf1c9 is at entry_point+201 in (nmethod*)0x00000000022bef90
R10=0x0000000000000002 is an unknown value
R11=0x000000001961b798 is pointing into the stack for thread: 0x0000000018a14000
R12=0x0000000000000000 is an unknown value
R13=0x0000000000000000 is an unknown value
R14=0x000000006970143f is an unknown value
R15=0x000000001961c180 is pointing into the stack for thread: 0x0000000018a14000


Stack: [0x0000000019520000,0x0000000019620000],  sp=0x000000001961b510,  free space=1005k
Native frames: (J=compiled Java code, j=interpreted, Vv=VM code, C=native code)
C  [ntdll.dll+0xecdd0]
C  [ntdll.dll+0xb1121]
C  [ntdll.dll+0x9258a]
V  [jvm.dll+0x145212]
C  0x000000006970143f

Java frames: (J=compiled Java code, j=interpreted, Vv=VM code)
j  jssc.SerialNativeInterface.openPort(Ljava/lang/String;)I+0
j  jssc.SerialPort.openPort()Z+32
j  controllyv2.PlayconsoleController$1.handle(Ljavafx/event/ActionEvent;)V+78
j  controllyv2.PlayconsoleController$1.handle(Ljavafx/event/Event;)V+5
J 2018 C1 com.sun.javafx.event.CompositeEventHandler.dispatchBubblingEvent(Ljavafx/event/Event;)V (57 bytes) @ 0x0000000002521a14 [0x0000000002521640+0x3d4]
J 2473 C1 com.sun.javafx.event.EventHandlerManager.dispatchBubblingEvent(Ljavafx/event/Event;)Ljavafx/event/Event; (23 bytes) @ 0x00000000026685cc [0x0000000002667f20+0x6ac]
J 1764 C1 com.sun.javafx.event.CompositeEventDispatcher.dispatchBubblingEvent(Ljavafx/event/Event;)Ljavafx/event/Event; (35 bytes) @ 0x00000000024a5edc [0x00000000024a5d20+0x1bc]
J 1569 C1 com.sun.javafx.event.BasicEventDispatcher.dispatchEvent(Ljavafx/event/Event;Ljavafx/event/EventDispatchChain;)Ljavafx/event/Event; (44 bytes) @ 0x000000000244513c [0x0000000002444e00+0x33c]
J 1536 C1 com.sun.javafx.event.EventDispatchChainImpl.dispatchEvent(Ljavafx/event/Event;)Ljavafx/event/Event; (101 bytes) @ 0x0000000002435374 [0x00000000024351c0+0x1b4]
J 1569 C1 com.sun.javafx.event.BasicEventDispatcher.dispatchEvent(Ljavafx/event/Event;Ljavafx/event/EventDispatchChain;)Ljavafx/event/Event; (44 bytes) @ 0x0000000002445054 [0x0000000002444e00+0x254]
J 1536 C1 com.sun.javafx.event.EventDispatchChainImpl.dispatchEvent(Ljavafx/event/Event;)Ljavafx/event/Event; (101 bytes) @ 0x0000000002435374 [0x00000000024351c0+0x1b4]
J 1569 C1 com.sun.javafx.event.BasicEventDispatcher.dispatchEvent(Ljavafx/event/Event;Ljavafx/event/EventDispatchChain;)Ljavafx/event/Event; (44 bytes) @ 0x0000000002445054 [0x0000000002444e00+0x254]
J 1536 C1 com.sun.javafx.event.EventDispatchChainImpl.dispatchEvent(Ljavafx/event/Event;)Ljavafx/event/Event; (101 bytes) @ 0x0000000002435374 [0x00000000024351c0+0x1b4]
J 2445 C1 com.sun.javafx.event.EventUtil.fireEvent(Ljavafx/event/EventTarget;Ljavafx/event/Event;)Ljavafx/event/Event; (81 bytes) @ 0x0000000002657ec4 [0x0000000002657300+0xbc4]
J 2020 C1 javafx.event.Event.fireEvent(Ljavafx/event/EventTarget;Ljavafx/event/Event;)V (35 bytes) @ 0x00000000025245ec [0x0000000002524520+0xcc]
j  javafx.scene.Node.fireEvent(Ljavafx/event/Event;)V+86
j  javafx.scene.control.Button.fire()V+15
j  com.sun.javafx.scene.control.behavior.ButtonBehavior.mouseReleased(Ljavafx/scene/input/MouseEvent;)V+23
j  com.sun.javafx.scene.control.skin.BehaviorSkinBase$1.handle(Ljavafx/scene/input/MouseEvent;)V+83
j  com.sun.javafx.scene.control.skin.BehaviorSkinBase$1.handle(Ljavafx/event/Event;)V+5
J 1955 C1 com.sun.javafx.event.CompositeEventHandler$NormalEventHandlerRecord.handleBubblingEvent(Ljavafx/event/Event;)V (11 bytes) @ 0x0000000002508104 [0x0000000002508000+0x104]
J 2018 C1 com.sun.javafx.event.CompositeEventHandler.dispatchBubblingEvent(Ljavafx/event/Event;)V (57 bytes) @ 0x0000000002521884 [0x0000000002521640+0x244]
J 2473 C1 com.sun.javafx.event.EventHandlerManager.dispatchBubblingEvent(Ljavafx/event/Event;)Ljavafx/event/Event; (23 bytes) @ 0x00000000026685cc [0x0000000002667f20+0x6ac]
J 1764 C1 com.sun.javafx.event.CompositeEventDispatcher.dispatchBubblingEvent(Ljavafx/event/Event;)Ljavafx/event/Event; (35 bytes) @ 0x00000000024a5edc [0x00000000024a5d20+0x1bc]
J 1569 C1 com.sun.javafx.event.BasicEventDispatcher.dispatchEvent(Ljavafx/event/Event;Ljavafx/event/EventDispatchChain;)Ljavafx/event/Event; (44 bytes) @ 0x000000000244513c [0x0000000002444e00+0x33c]
J 1536 C1 com.sun.javafx.event.EventDispatchChainImpl.dispatchEvent(Ljavafx/event/Event;)Ljavafx/event/Event; (101 bytes) @ 0x0000000002435374 [0x00000000024351c0+0x1b4]
J 1569 C1 com.sun.javafx.event.BasicEventDispatcher.dispatchEvent(Ljavafx/event/Event;Ljavafx/event/EventDispatchChain;)Ljavafx/event/Event; (44 bytes) @ 0x0000000002445054 [0x0000000002444e00+0x254]
J 1536 C1 com.sun.javafx.event.EventDispatchChainImpl.dispatchEvent(Ljavafx/event/Event;)Ljavafx/event/Event; (101 bytes) @ 0x0000000002435374 [0x00000000024351c0+0x1b4]
J 1569 C1 com.sun.javafx.event.BasicEventDispatcher.dispatchEvent(Ljavafx/event/Event;Ljavafx/event/EventDispatchChain;)Ljavafx/event/Event; (44 bytes) @ 0x0000000002445054 [0x0000000002444e00+0x254]
J 1536 C1 com.sun.javafx.event.EventDispatchChainImpl.dispatchEvent(Ljavafx/event/Event;)Ljavafx/event/Event; (101 bytes) @ 0x0000000002435374 [0x00000000024351c0+0x1b4]
J 2445 C1 com.sun.javafx.event.EventUtil.fireEvent(Ljavafx/event/EventTarget;Ljavafx/event/Event;)Ljavafx/event/Event; (81 bytes) @ 0x0000000002657a34 [0x0000000002657300+0x734]
J 2086 C1 javafx.scene.Scene$MouseHandler.process(Ljavafx/scene/input/MouseEvent;Z)V (735 bytes) @ 0x000000000254e21c [0x000000000254b7a0+0x2a7c]
J 2685 C1 javafx.scene.Scene$ScenePeerListener.mouseEvent(Ljavafx/event/EventType;DDDDLjavafx/scene/input/MouseButton;ZZZZZZZZZ)V (50 bytes) @ 0x0000000002721764 [0x00000000027214a0+0x2c4]
J 2680 C1 com.sun.javafx.tk.quantum.GlassViewEventHandler$MouseEventNotification.run()Ljava/lang/Void; (567 bytes) @ 0x000000000271ea8c [0x000000000271dce0+0xdac]
J 2679 C1 com.sun.javafx.tk.quantum.GlassViewEventHandler$MouseEventNotification.run()Ljava/lang/Object; (5 bytes) @ 0x000000000271fb4c [0x000000000271fac0+0x8c]
v  ~StubRoutines::call_stub
J 1540  java.security.AccessController.doPrivileged(Ljava/security/PrivilegedAction;Ljava/security/AccessControlContext;)Ljava/lang/Object; (0 bytes) @ 0x000000000243bbe6 [0x000000000243bb80+0x66]
J 2575 C1 com.sun.javafx.tk.quantum.GlassViewEventHandler$$Lambda$305.get()Ljava/lang/Object; (8 bytes) @ 0x00000000026e587c [0x00000000026e56a0+0x1dc]
J 2059 C1 com.sun.javafx.tk.quantum.QuantumToolkit.runWithoutRenderLock(Ljava/util/function/Supplier;)Ljava/lang/Object; (49 bytes) @ 0x000000000253ca9c [0x000000000253c560+0x53c]
J 2572 C1 com.sun.javafx.tk.quantum.GlassViewEventHandler.handleMouseEvent(Lcom/sun/glass/ui/View;JIIIIIIIZZ)V (108 bytes) @ 0x00000000026e4ad4 [0x00000000026e46c0+0x414]
J 2109 C1 com.sun.glass.ui.View.notifyMouse(IIIIIIIZZ)V (221 bytes) @ 0x000000000255c72c [0x000000000255b660+0x10cc]
v  ~StubRoutines::call_stub
j  com.sun.glass.ui.win.WinApplication._runLoop(Ljava/lang/Runnable;)V+0
j  com.sun.glass.ui.win.WinApplication.lambda$null$148(ILjava/lang/Runnable;)V+8
j  com.sun.glass.ui.win.WinApplication$$Lambda$38.run()V+12
j  java.lang.Thread.run()V+11
v  ~StubRoutines::call_stub

---------------  P R O C E S S  ---------------

Java Threads: ( => current thread )
  0x0000000019175000 JavaThread "LiveGraph Update Invoker Thread" [_thread_blocked, id=12232, stack(0x0000000029740000,0x0000000029840000)]
  0x0000000019178000 JavaThread "TimerQueue" daemon [_thread_blocked, id=4900, stack(0x0000000029640000,0x0000000029740000)]
  0x0000000019176800 JavaThread "Swing-Shell" daemon [_thread_blocked, id=11588, stack(0x00000000292f0000,0x00000000293f0000)]
  0x0000000019174800 JavaThread "Image Fetcher 0" daemon [_thread_blocked, id=7360, stack(0x00000000287e0000,0x00000000288e0000)]
  0x0000000019177800 JavaThread "AWT-EventQueue-0" [_thread_blocked, id=9028, stack(0x00000000279d0000,0x0000000027ad0000)]
  0x000000001916f800 JavaThread "AWT-Windows" daemon [_thread_in_native, id=10792, stack(0x0000000023370000,0x0000000023470000)]
  0x0000000019171000 JavaThread "AWT-Shutdown" [_thread_blocked, id=7012, stack(0x00000000227d0000,0x00000000228d0000)]
  0x0000000019173000 JavaThread "Java2D Disposer" daemon [_thread_blocked, id=4452, stack(0x00000000226d0000,0x00000000227d0000)]
  0x0000000019173800 JavaThread "JFXMedia Player EventQueueThread" daemon [_thread_blocked, id=9532, stack(0x0000000024740000,0x0000000024840000)]
  0x000000001916f000 JavaThread "JFXMedia Player EventQueueThread" daemon [_thread_blocked, id=8080, stack(0x0000000023780000,0x0000000023880000)]
  0x0000000019172000 JavaThread "URL-Loader-11" daemon [_thread_blocked, id=8220, stack(0x000000001f680000,0x000000001f780000)]
  0x0000000019170800 JavaThread "Thread-7" daemon [_thread_in_native, id=6648, stack(0x0000000027ad0000,0x0000000027bd0000)]
  0x00000000191d3800 JavaThread "Watchdog-Timer-1" daemon [_thread_blocked, id=11508, stack(0x0000000023590000,0x0000000023690000)]
  0x0000000018e75800 JavaThread "Prism Font Disposer" daemon [_thread_blocked, id=10224, stack(0x000000001d8e0000,0x000000001d9e0000)]
  0x0000000018cd4800 JavaThread "Disposer" daemon [_thread_blocked, id=4220, stack(0x000000001bc70000,0x000000001bd70000)]
  0x0000000018a8f000 JavaThread "Thread-3" daemon [_thread_in_native, id=4640, stack(0x000000001ae10000,0x000000001af10000)]
  0x0000000018a86000 JavaThread "JavaFX-Launcher" [_thread_blocked, id=6932, stack(0x000000001af10000,0x000000001b010000)]
=>0x0000000018a14000 JavaThread "JavaFX Application Thread" [_thread_in_vm, id=12128, stack(0x0000000019520000,0x0000000019620000)]
  0x00000000187f1800 JavaThread "Thread-1" daemon [_thread_blocked, id=10836, stack(0x0000000019420000,0x0000000019520000)]
  0x00000000187d4800 JavaThread "QuantumRenderer-0" daemon [_thread_blocked, id=5636, stack(0x0000000019200000,0x0000000019300000)]
  0x0000000018427000 JavaThread "Service Thread" daemon [_thread_blocked, id=10592, stack(0x0000000018800000,0x0000000018900000)]
  0x0000000016ac8800 JavaThread "C1 CompilerThread2" daemon [_thread_blocked, id=6292, stack(0x0000000018300000,0x0000000018400000)]
  0x0000000016ac3000 JavaThread "C2 CompilerThread1" daemon [_thread_blocked, id=3996, stack(0x0000000018200000,0x0000000018300000)]
  0x0000000016abd000 JavaThread "C2 CompilerThread0" daemon [_thread_blocked, id=10256, stack(0x0000000018100000,0x0000000018200000)]
  0x0000000016abb800 JavaThread "Attach Listener" daemon [_thread_blocked, id=4252, stack(0x0000000018000000,0x0000000018100000)]
  0x0000000016aba800 JavaThread "Signal Dispatcher" daemon [_thread_blocked, id=3156, stack(0x0000000017f00000,0x0000000018000000)]
  0x0000000016aaa800 JavaThread "Finalizer" daemon [_thread_blocked, id=11640, stack(0x0000000017d20000,0x0000000017e20000)]
  0x0000000001f3f800 JavaThread "Reference Handler" daemon [_thread_blocked, id=8744, stack(0x0000000017c20000,0x0000000017d20000)]
  0x0000000001e50800 JavaThread "main" [_thread_blocked, id=2500, stack(0x0000000001d50000,0x0000000001e50000)]

Other Threads:
  0x0000000016a87800 VMThread [stack: 0x0000000017b20000,0x0000000017c20000] [id=6104]
  0x0000000018445000 WatcherThread [stack: 0x0000000018900000,0x0000000018a00000] [id=5924]

VM state:not at safepoint (normal execution)

VM Mutex/Monitor currently owned by a thread: None

Heap:
 PSYoungGen      total 38400K, used 33079K [0x00000000d5c00000, 0x00000000d9000000, 0x0000000100000000)
  eden space 33280K, 84% used [0x00000000d5c00000,0x00000000d7754f50,0x00000000d7c80000)
  from space 5120K, 99% used [0x00000000d7c80000,0x00000000d8178fd8,0x00000000d8180000)
  to   space 5120K, 0% used [0x00000000d8b00000,0x00000000d8b00000,0x00000000d9000000)
 ParOldGen       total 71168K, used 9909K [0x0000000081400000, 0x0000000085980000, 0x00000000d5c00000)
  object space 71168K, 13% used [0x0000000081400000,0x0000000081dad570,0x0000000085980000)
 Metaspace       used 32452K, capacity 34078K, committed 34304K, reserved 1079296K
  class space    used 4768K, capacity 5072K, committed 5120K, reserved 1048576K

Card table byte_map: [0x0000000011310000,0x0000000011710000] byte_map_base: 0x0000000010f06000

Marking Bits: (ParMarkBitMap*) 0x000000005c98a6c0
 Begin Bits: [0x0000000011dc0000, 0x0000000013d70000)
 End Bits:   [0x0000000013d70000, 0x0000000015d20000)

Polling page: 0x0000000000460000

CodeCache: size=245760Kb used=10635Kb max_used=10640Kb free=235124Kb
 bounds [0x0000000001f50000, 0x00000000029c0000, 0x0000000010f50000]
 total_blobs=4590 nmethods=3689 adapters=812
 compilation: enabled

Compilation events (10 events):
Event: 19.510 Thread 0x0000000016ac8800 nmethod 4084 0x00000000029b8550 code [0x00000000029b8780, 0x00000000029b9488]
Event: 19.510 Thread 0x0000000016ac8800 4085       3       com.sun.javafx.sg.prism.NGRegion::doCorner (248 bytes)
Event: 19.512 Thread 0x0000000016ac8800 nmethod 4085 0x00000000029b9790 code [0x00000000029b99a0, 0x00000000029ba788]
Event: 19.512 Thread 0x0000000016ac8800 4086       3       com.sun.javafx.geom.Path2D::appendOvalQuadrant (567 bytes)
Event: 19.514 Thread 0x0000000016ac8800 nmethod 4086 0x00000000029bad10 code [0x00000000029baf40, 0x00000000029bbe48]
Event: 19.552 Thread 0x0000000016ac8800 4087       3       javafx.animation.AnimationAccessorImpl::setCurrentTicks (6 bytes)
Event: 19.552 Thread 0x0000000016ac8800 nmethod 4087 0x00000000029bc090 code [0x00000000029bc200, 0x00000000029bc548]
Event: 19.619 Thread 0x0000000016ac3000 4088       4       javafx.scene.Node::getLocalBounds (162 bytes)
Event: 19.619 Thread 0x0000000016ac8800 4089       3       com.sun.javafx.util.Logging::getInputLogger (18 bytes)
Event: 19.619 Thread 0x0000000016ac8800 nmethod 4089 0x00000000029bc690 code [0x00000000029bc800, 0x00000000029bc9e8]

GC Heap History (8 events):
Event: 0.976 GC heap before
{Heap before GC invocations=1 (full 0):
 PSYoungGen      total 38400K, used 33280K [0x00000000d5c00000, 0x00000000d8680000, 0x0000000100000000)
  eden space 33280K, 100% used [0x00000000d5c00000,0x00000000d7c80000,0x00000000d7c80000)
  from space 5120K, 0% used [0x00000000d8180000,0x00000000d8180000,0x00000000d8680000)
  to   space 5120K, 0% used [0x00000000d7c80000,0x00000000d7c80000,0x00000000d8180000)
 ParOldGen       total 87552K, used 0K [0x0000000081400000, 0x0000000086980000, 0x00000000d5c00000)
  object space 87552K, 0% used [0x0000000081400000,0x0000000081400000,0x0000000086980000)
 Metaspace       used 15352K, capacity 16024K, committed 16256K, reserved 1062912K
  class space    used 2199K, capacity 2371K, committed 2432K, reserved 1048576K
Event: 0.983 GC heap after
Heap after GC invocations=1 (full 0):
 PSYoungGen      total 38400K, used 4196K [0x00000000d5c00000, 0x00000000d8680000, 0x0000000100000000)
  eden space 33280K, 0% used [0x00000000d5c00000,0x00000000d5c00000,0x00000000d7c80000)
  from space 5120K, 81% used [0x00000000d7c80000,0x00000000d80991f0,0x00000000d8180000)
  to   space 5120K, 0% used [0x00000000d8180000,0x00000000d8180000,0x00000000d8680000)
 ParOldGen       total 87552K, used 80K [0x0000000081400000, 0x0000000086980000, 0x00000000d5c00000)
  object space 87552K, 0% used [0x0000000081400000,0x0000000081414010,0x0000000086980000)
 Metaspace       used 15352K, capacity 16024K, committed 16256K, reserved 1062912K
  class space    used 2199K, capacity 2371K, committed 2432K, reserved 1048576K
}
Event: 3.715 GC heap before
{Heap before GC invocations=2 (full 0):
 PSYoungGen      total 38400K, used 25601K [0x00000000d5c00000, 0x00000000d8680000, 0x0000000100000000)
  eden space 33280K, 64% used [0x00000000d5c00000,0x00000000d70e7430,0x00000000d7c80000)
  from space 5120K, 81% used [0x00000000d7c80000,0x00000000d80991f0,0x00000000d8180000)
  to   space 5120K, 0% used [0x00000000d8180000,0x00000000d8180000,0x00000000d8680000)
 ParOldGen       total 87552K, used 80K [0x0000000081400000, 0x0000000086980000, 0x00000000d5c00000)
  object space 87552K, 0% used [0x0000000081400000,0x0000000081414010,0x0000000086980000)
 Metaspace       used 20080K, capacity 21182K, committed 21248K, reserved 1067008K
  class space    used 2998K, capacity 3262K, committed 3328K, reserved 1048576K
Event: 3.727 GC heap after
Heap after GC invocations=2 (full 0):
 PSYoungGen      total 38400K, used 5092K [0x00000000d5c00000, 0x00000000d8680000, 0x0000000100000000)
  eden space 33280K, 0% used [0x00000000d5c00000,0x00000000d5c00000,0x00000000d7c80000)
  from space 5120K, 99% used [0x00000000d8180000,0x00000000d8679030,0x00000000d8680000)
  to   space 5120K, 0% used [0x00000000d7c80000,0x00000000d7c80000,0x00000000d8180000)
 ParOldGen       total 87552K, used 6256K [0x0000000081400000, 0x0000000086980000, 0x00000000d5c00000)
  object space 87552K, 7% used [0x0000000081400000,0x0000000081a1c040,0x0000000086980000)
 Metaspace       used 20080K, capacity 21182K, committed 21248K, reserved 1067008K
  class space    used 2998K, capacity 3262K, committed 3328K, reserved 1048576K
}
Event: 3.727 GC heap before
{Heap before GC invocations=3 (full 1):
 PSYoungGen      total 38400K, used 5092K [0x00000000d5c00000, 0x00000000d8680000, 0x0000000100000000)
  eden space 33280K, 0% used [0x00000000d5c00000,0x00000000d5c00000,0x00000000d7c80000)
  from space 5120K, 99% used [0x00000000d8180000,0x00000000d8679030,0x00000000d8680000)
  to   space 5120K, 0% used [0x00000000d7c80000,0x00000000d7c80000,0x00000000d8180000)
 ParOldGen       total 87552K, used 6256K [0x0000000081400000, 0x0000000086980000, 0x00000000d5c00000)
  object space 87552K, 7% used [0x0000000081400000,0x0000000081a1c040,0x0000000086980000)
 Metaspace       used 20080K, capacity 21182K, committed 21248K, reserved 1067008K
  class space    used 2998K, capacity 3262K, committed 3328K, reserved 1048576K
Event: 3.763 GC heap after
Heap after GC invocations=3 (full 1):
 PSYoungGen      total 38400K, used 0K [0x00000000d5c00000, 0x00000000d8680000, 0x0000000100000000)
  eden space 33280K, 0% used [0x00000000d5c00000,0x00000000d5c00000,0x00000000d7c80000)
  from space 5120K, 0% used [0x00000000d8180000,0x00000000d8180000,0x00000000d8680000)
  to   space 5120K, 0% used [0x00000000d7c80000,0x00000000d7c80000,0x00000000d8180000)
 ParOldGen       total 71168K, used 9187K [0x0000000081400000, 0x0000000085980000, 0x00000000d5c00000)
  object space 71168K, 12% used [0x0000000081400000,0x0000000081cf8e58,0x0000000085980000)
 Metaspace       used 20077K, capacity 21170K, committed 21248K, reserved 1067008K
  class space    used 2997K, capacity 3260K, committed 3328K, reserved 1048576K
}
Event: 18.037 GC heap before
{Heap before GC invocations=4 (full 1):
 PSYoungGen      total 38400K, used 33280K [0x00000000d5c00000, 0x00000000d8680000, 0x0000000100000000)
  eden space 33280K, 100% used [0x00000000d5c00000,0x00000000d7c80000,0x00000000d7c80000)
  from space 5120K, 0% used [0x00000000d8180000,0x00000000d8180000,0x00000000d8680000)
  to   space 5120K, 0% used [0x00000000d7c80000,0x00000000d7c80000,0x00000000d8180000)
 ParOldGen       total 71168K, used 9187K [0x0000000081400000, 0x0000000085980000, 0x00000000d5c00000)
  object space 71168K, 12% used [0x0000000081400000,0x0000000081cf8e58,0x0000000085980000)
 Metaspace       used 30696K, capacity 32320K, committed 32640K, reserved 1077248K
  class space    used 4551K, capacity 4867K, committed 4992K, reserved 1048576K
Event: 18.044 GC heap after
Heap after GC invocations=4 (full 1):
 PSYoungGen      total 38400K, used 5091K [0x00000000d5c00000, 0x00000000d9000000, 0x0000000100000000)
  eden space 33280K, 0% used [0x00000000d5c00000,0x00000000d5c00000,0x00000000d7c80000)
  from space 5120K, 99% used [0x00000000d7c80000,0x00000000d8178fd8,0x00000000d8180000)
  to   space 5120K, 0% used [0x00000000d8b00000,0x00000000d8b00000,0x00000000d9000000)
 ParOldGen       total 71168K, used 9909K [0x0000000081400000, 0x0000000085980000, 0x00000000d5c00000)
  object space 71168K, 13% used [0x0000000081400000,0x0000000081dad570,0x0000000085980000)
 Metaspace       used 30696K, capacity 32320K, committed 32640K, reserved 1077248K
  class space    used 4551K, capacity 4867K, committed 4992K, reserved 1048576K
}

Deoptimization events (10 events):
Event: 17.709 Thread 0x000000001916f800 Uncommon trap: reason=bimorphic action=maybe_recompile pc=0x00000000024c4c28 method=java.util.HashMap.putVal(ILjava/lang/Object;Ljava/lang/Object;ZZ)Ljava/lang/Object; @ 203
Event: 17.709 Thread 0x000000001916f800 Uncommon trap: reason=bimorphic action=maybe_recompile pc=0x00000000024c4c28 method=java.util.HashMap.putVal(ILjava/lang/Object;Ljava/lang/Object;ZZ)Ljava/lang/Object; @ 203
Event: 17.778 Thread 0x000000001916f800 Uncommon trap: reason=unstable_if action=reinterpret pc=0x00000000024363e4 method=sun.awt.SunToolkit.getAppContext(Ljava/lang/Object;)Lsun/awt/AppContext; @ 4
Event: 18.171 Thread 0x0000000018a14000 Uncommon trap: reason=unstable_if action=reinterpret pc=0x00000000021a3804 method=java.util.ArrayList.rangeCheck(I)V @ 5
Event: 18.172 Thread 0x0000000018a14000 Uncommon trap: reason=unstable_if action=reinterpret pc=0x00000000025ecdd8 method=java.util.ArrayList.rangeCheck(I)V @ 5
Event: 18.208 Thread 0x00000000187d4800 Uncommon trap: reason=class_check action=maybe_recompile pc=0x00000000028da624 method=java.util.concurrent.ThreadPoolExecutor.getTask()Ljava/lang/Runnable; @ 154
Event: 18.211 Thread 0x00000000187d4800 Uncommon trap: reason=class_check action=maybe_recompile pc=0x00000000028da624 method=java.util.concurrent.ThreadPoolExecutor.getTask()Ljava/lang/Runnable; @ 154
Event: 18.291 Thread 0x0000000019177800 Uncommon trap: reason=predicate action=maybe_recompile pc=0x00000000028822f0 method=java.util.Arrays.binarySearch0([Ljava/lang/Object;IILjava/lang/Object;Ljava/util/Comparator;)I @ 28
Event: 18.977 Thread 0x00000000187d4800 Uncommon trap: reason=class_check action=maybe_recompile pc=0x00000000028da624 method=java.util.concurrent.ThreadPoolExecutor.getTask()Ljava/lang/Runnable; @ 154
Event: 19.507 Thread 0x00000000187d4800 Uncommon trap: reason=class_check action=maybe_recompile pc=0x00000000028da624 method=java.util.concurrent.ThreadPoolExecutor.getTask()Ljava/lang/Runnable; @ 154

Internal exceptions (10 events):
Event: 16.749 Thread 0x0000000018a14000 Exception <a 'java/io/FileNotFoundException'> (0x00000000d713d838) thrown at [C:\re\workspace\8-2-build-windows-amd64-cygwin\jdk8u111\7883\hotspot\src\share\vm\prims\jni.cpp, line 709]
Event: 16.778 Thread 0x0000000018a14000 Implicit null exception at 0x000000000266bdfb to 0x000000000266be71
Event: 16.793 Thread 0x0000000018a14000 Exception <a 'java/io/FileNotFoundException'> (0x00000000d71e8ab0) thrown at [C:\re\workspace\8-2-build-windows-amd64-cygwin\jdk8u111\7883\hotspot\src\share\vm\prims\jni.cpp, line 709]
Event: 16.965 Thread 0x0000000018a14000 Implicit null exception at 0x000000000266c230 to 0x000000000266c29d
Event: 18.172 Thread 0x0000000018a14000 Exception <a 'java/lang/ArrayIndexOutOfBoundsException'> (0x00000000d5e4ccf8) thrown at [C:\re\workspace\8-2-build-windows-amd64-cygwin\jdk8u111\7883\hotspot\src\share\vm\runtime\sharedRuntime.cpp, line 605]
Event: 18.172 Thread 0x0000000018a14000 Exception <a 'java/lang/ArrayIndexOutOfBoundsException'> (0x00000000d5e4db08) thrown at [C:\re\workspace\8-2-build-windows-amd64-cygwin\jdk8u111\7883\hotspot\src\share\vm\runtime\sharedRuntime.cpp, line 605]
Event: 18.174 Thread 0x0000000018a14000 Exception <a 'java/lang/ArrayIndexOutOfBoundsException'> (0x00000000d5e54d48) thrown at [C:\re\workspace\8-2-build-windows-amd64-cygwin\jdk8u111\7883\hotspot\src\share\vm\runtime\sharedRuntime.cpp, line 605]
Event: 18.191 Thread 0x0000000018a14000 Exception <a 'java/lang/ArrayIndexOutOfBoundsException'> (0x00000000d5f7f3f8) thrown at [C:\re\workspace\8-2-build-windows-amd64-cygwin\jdk8u111\7883\hotspot\src\share\vm\runtime\sharedRuntime.cpp, line 605]
Event: 18.195 Thread 0x0000000018a14000 Exception <a 'java/lang/ArrayIndexOutOfBoundsException'> (0x00000000d5f9b288) thrown at [C:\re\workspace\8-2-build-windows-amd64-cygwin\jdk8u111\7883\hotspot\src\share\vm\runtime\sharedRuntime.cpp, line 605]
Event: 18.197 Thread 0x0000000018a14000 Exception <a 'java/lang/ArrayIndexOutOfBoundsException'> (0x00000000d5fa9ba8) thrown at [C:\re\workspace\8-2-build-windows-amd64-cygwin\jdk8u111\7883\hotspot\src\share\vm\runtime\sharedRuntime.cpp, line 605]

Events (10 events):
Event: 18.291 Thread 0x0000000019177800 DEOPT PACKING pc=0x00000000028822f0 sp=0x0000000027accb30
Event: 18.291 Thread 0x0000000019177800 DEOPT UNPACKING pc=0x0000000001f9582a sp=0x0000000027accad8 mode 2
Event: 18.291 Executing VM operation: RevokeBias
Event: 18.291 Executing VM operation: RevokeBias done
Event: 18.977 Thread 0x00000000187d4800 Uncommon trap: trap_request=0xffffffde fr.pc=0x00000000028da624
Event: 18.977 Thread 0x00000000187d4800 DEOPT PACKING pc=0x00000000028da624 sp=0x00000000192ff020
Event: 18.977 Thread 0x00000000187d4800 DEOPT UNPACKING pc=0x0000000001f9582a sp=0x00000000192fefd8 mode 2
Event: 19.507 Thread 0x00000000187d4800 Uncommon trap: trap_request=0xffffffde fr.pc=0x00000000028da624
Event: 19.507 Thread 0x00000000187d4800 DEOPT PACKING pc=0x00000000028da624 sp=0x00000000192ff020
Event: 19.507 Thread 0x00000000187d4800 DEOPT UNPACKING pc=0x0000000001f9582a sp=0x00000000192fefd8 mode 2


Dynamic libraries:
0x00007ff7ae570000 - 0x00007ff7ae5a7000 	C:\Program Files\Java\jdk1.8.0_111\jre\bin\java.exe
0x00007ffc7c9f0000 - 0x00007ffc7cb9d000 	C:\windows\SYSTEM32\ntdll.dll
0x00007ffc7a070000 - 0x00007ffc7a1ae000 	C:\windows\system32\KERNEL32.DLL
0x00007ffc79d70000 - 0x00007ffc79e85000 	C:\windows\system32\KERNELBASE.dll
0x00007ffc786e0000 - 0x00007ffc7876e000 	C:\windows\system32\apphelp.dll
0x00007ffc5cf30000 - 0x00007ffc5cf83000 	C:\windows\AppPatch\AppPatch64\AcGenral.DLL
0x00007ffc7afd0000 - 0x00007ffc7b07a000 	C:\windows\system32\msvcrt.dll
0x00007ffc79d40000 - 0x00007ffc79d6e000 	C:\windows\system32\SspiCli.dll
0x00007ffc7ada0000 - 0x00007ffc7adf4000 	C:\windows\system32\SHLWAPI.dll
0x00007ffc7b110000 - 0x00007ffc7b287000 	C:\windows\system32\USER32.dll
0x00007ffc7a3d0000 - 0x00007ffc7a564000 	C:\windows\system32\ole32.dll
0x00007ffc7b4c0000 - 0x00007ffc7c9e8000 	C:\windows\system32\SHELL32.dll
0x00007ffc79160000 - 0x00007ffc79181000 	C:\windows\SYSTEM32\USERENV.dll
0x00007ffc7ac90000 - 0x00007ffc7ad3a000 	C:\windows\system32\ADVAPI32.dll
0x00007ffc66a40000 - 0x00007ffc66a5e000 	C:\windows\SYSTEM32\MPR.dll
0x00007ffc7ab50000 - 0x00007ffc7ac90000 	C:\windows\system32\RPCRT4.dll
0x00007ffc7b080000 - 0x00007ffc7b0d9000 	C:\windows\SYSTEM32\sechost.dll
0x00007ffc7b2a0000 - 0x00007ffc7b4b1000 	C:\windows\SYSTEM32\combase.dll
0x00007ffc7a570000 - 0x00007ffc7a6bf000 	C:\windows\system32\GDI32.dll
0x00007ffc79b10000 - 0x00007ffc79b25000 	C:\windows\SYSTEM32\profapi.dll
0x00007ffc77cc0000 - 0x00007ffc77d72000 	C:\windows\SYSTEM32\SHCORE.dll
0x00007ffc7a270000 - 0x00007ffc7a2a6000 	C:\windows\system32\IMM32.DLL
0x00007ffc7ae00000 - 0x00007ffc7af52000 	C:\windows\system32\MSCTF.dll
0x00007ffc75b60000 - 0x00007ffc75ddb000 	C:\windows\WinSxS\amd64_microsoft.windows.common-controls_6595b64144ccf1df_6.0.9600.18006_none_623f33d3ecbe86e8\COMCTL32.dll
0x000000005e300000 - 0x000000005e3d2000 	C:\Program Files\Java\jdk1.8.0_111\jre\bin\msvcr100.dll
0x000000005c170000 - 0x000000005ca0a000 	C:\Program Files\Java\jdk1.8.0_111\jre\bin\server\jvm.dll
0x00007ffc49fa0000 - 0x00007ffc49fa9000 	C:\windows\SYSTEM32\WSOCK32.dll
0x00007ffc63cb0000 - 0x00007ffc63cd2000 	C:\windows\SYSTEM32\WINMM.dll
0x00007ffc72570000 - 0x00007ffc7257a000 	C:\windows\SYSTEM32\VERSION.dll
0x00007ffc7b100000 - 0x00007ffc7b107000 	C:\windows\system32\PSAPI.DLL
0x00007ffc7a2b0000 - 0x00007ffc7a30a000 	C:\windows\system32\WS2_32.dll
0x00007ffc60bd0000 - 0x00007ffc60bfa000 	C:\windows\SYSTEM32\WINMMBASE.dll
0x00007ffc7b0e0000 - 0x00007ffc7b0e9000 	C:\windows\system32\NSI.dll
0x00007ffc79cf0000 - 0x00007ffc79d3f000 	C:\windows\SYSTEM32\cfgmgr32.dll
0x00007ffc78950000 - 0x00007ffc78978000 	C:\windows\SYSTEM32\DEVOBJ.dll
0x000000005ef80000 - 0x000000005ef8f000 	C:\Program Files\Java\jdk1.8.0_111\jre\bin\verify.dll
0x000000005e7f0000 - 0x000000005e819000 	C:\Program Files\Java\jdk1.8.0_111\jre\bin\java.dll
0x000000005e7d0000 - 0x000000005e7e6000 	C:\Program Files\Java\jdk1.8.0_111\jre\bin\zip.dll
0x00007ffc58b50000 - 0x00007ffc58c3f000 	C:\Program Files\Java\jdk1.8.0_111\jre\bin\msvcr120.dll
0x00007ffc58d60000 - 0x00007ffc58e06000 	C:\Program Files\Java\jdk1.8.0_111\jre\bin\msvcp120.dll
0x000000005ce80000 - 0x000000005cea2000 	C:\Program Files\Java\jdk1.8.0_111\jre\bin\prism_d3d.dll
0x00007ffc56530000 - 0x00007ffc56751000 	C:\windows\system32\d3d9.dll
0x00007ffc777f0000 - 0x00007ffc77811000 	C:\windows\SYSTEM32\dwmapi.dll
0x00007ffc787b0000 - 0x00007ffc788d9000 	C:\windows\system32\uxtheme.dll
0x00007ffc44430000 - 0x00007ffc45d0c000 	C:\windows\SYSTEM32\igdumdim64.dll
0x00007ffc77310000 - 0x00007ffc77762000 	C:\windows\SYSTEM32\igdusc64.dll
0x000000005ce30000 - 0x000000005ce73000 	C:\Program Files\Java\jdk1.8.0_111\jre\bin\glass.dll
0x00007ffc7a1b0000 - 0x00007ffc7a266000 	C:\windows\system32\COMDLG32.dll
0x00007ffc7a8a0000 - 0x00007ffc7a966000 	C:\windows\system32\OLEAUT32.dll
0x00007ffc789a0000 - 0x00007ffc789ab000 	C:\windows\SYSTEM32\kernel.appcore.dll
0x00007ffc79a50000 - 0x00007ffc79a5b000 	C:\windows\SYSTEM32\CRYPTBASE.dll
0x00007ffc799e0000 - 0x00007ffc79a43000 	C:\windows\SYSTEM32\bcryptPrimitives.dll
0x000000005d4d0000 - 0x000000005d4e4000 	C:\Program Files\Java\jdk1.8.0_111\jre\bin\javafx_font.dll
0x00007ffc73d80000 - 0x00007ffc73f6b000 	C:\windows\SYSTEM32\dwrite.dll
0x0000000058670000 - 0x000000005ac01000 	C:\Program Files\Java\jdk1.8.0_111\jre\bin\jfxwebkit.dll
0x00007ffc79480000 - 0x00007ffc794a0000 	C:\windows\SYSTEM32\CRYPTSP.dll
0x00007ffc79050000 - 0x00007ffc79086000 	C:\windows\system32\rsaenh.dll
0x00007ffc796d0000 - 0x00007ffc796f6000 	C:\windows\SYSTEM32\bcrypt.dll
0x000000005e2e0000 - 0x000000005e2fa000 	C:\Program Files\Java\jdk1.8.0_111\jre\bin\net.dll
0x00007ffc79420000 - 0x00007ffc79479000 	C:\windows\system32\mswsock.dll
0x000000005d590000 - 0x000000005d5a1000 	C:\Program Files\Java\jdk1.8.0_111\jre\bin\nio.dll
0x00007ffc7a310000 - 0x00007ffc7a3c6000 	C:\windows\SYSTEM32\clbcatq.dll
0x00007ffc72a20000 - 0x00007ffc72bce000 	C:\windows\SYSTEM32\WindowsCodecs.dll
0x00007ffc5d4f0000 - 0x00007ffc5d51e000 	C:\Program Files\Common Files\Microsoft Shared\Ink\rtscom.dll
0x000000005ce10000 - 0x000000005ce21000 	C:\Program Files\Java\jdk1.8.0_111\jre\bin\prism_common.dll
0x00007ffc735e0000 - 0x00007ffc7375f000 	C:\windows\SYSTEM32\PROPSYS.dll
0x00007ffc7a970000 - 0x00007ffc7ab4a000 	C:\windows\system32\SETUPAPI.dll
0x00007ffc609e0000 - 0x00007ffc60a8b000 	C:\Program Files\Common Files\microsoft shared\ink\tiptsf.dll
0x00007ffc5f750000 - 0x00007ffc5fa4e000 	C:\windows\system32\explorerframe.dll
0x00007ffc77260000 - 0x00007ffc77304000 	C:\windows\system32\DUser.dll
0x00007ffc778b0000 - 0x00007ffc77a71000 	C:\windows\system32\DUI70.dll
0x00007ffc76700000 - 0x00007ffc76707000 	C:\windows\SYSTEM32\MSIMG32.dll
0x00007ffc67cb0000 - 0x00007ffc67ddb000 	C:\Windows\System32\Windows.Globalization.dll
0x00007ffc77010000 - 0x00007ffc77076000 	C:\Windows\System32\Bcp47Langs.dll
0x00007ffc771f0000 - 0x00007ffc7721c000 	C:\windows\SYSTEM32\globinputhost.dll
0x00007ffc76820000 - 0x00007ffc76859000 	C:\windows\system32\xmllite.dll
0x00007ffc5d100000 - 0x00007ffc5d1bc000 	C:\windows\System32\StructuredQuery.dll
0x00007ffc67500000 - 0x00007ffc677c4000 	C:\Windows\System32\actxprxy.dll
0x00007ffc76630000 - 0x00007ffc7663f000 	C:\windows\SYSTEM32\atlthunk.dll
0x00007ffc77e60000 - 0x00007ffc77e6b000 	C:\windows\System32\drprov.dll
0x00007ffc78da0000 - 0x00007ffc78dfa000 	C:\windows\System32\WINSTA.dll
0x00007ffc769b0000 - 0x00007ffc769c7000 	C:\windows\System32\ntlanman.dll
0x00007ffc76950000 - 0x00007ffc7696f000 	C:\windows\System32\davclnt.dll
0x00007ffc771e0000 - 0x00007ffc771ec000 	C:\windows\System32\DAVHLPR.dll
0x00007ffc77150000 - 0x00007ffc77167000 	C:\windows\System32\wkscli.dll
0x00007ffc698f0000 - 0x00007ffc69902000 	C:\windows\SYSTEM32\cscapi.dll
0x00007ffc78e00000 - 0x00007ffc78e0c000 	C:\windows\System32\netutils.dll
0x00007ffc58cc0000 - 0x00007ffc58d3b000 	C:\Windows\System32\dlnashext.dll
0x00007ffc5c640000 - 0x00007ffc5c68e000 	C:\Windows\System32\PlayToDevice.dll
0x00007ffc76970000 - 0x00007ffc7698e000 	C:\Windows\System32\DevDispItemProvider.dll
0x00007ffc76280000 - 0x00007ffc762aa000 	C:\windows\SYSTEM32\IPHLPAPI.DLL
0x00007ffc76250000 - 0x00007ffc7625a000 	C:\windows\SYSTEM32\WINNSI.DLL
0x00007ffc73c40000 - 0x00007ffc73c56000 	C:\windows\SYSTEM32\dhcpcsvc6.DLL
0x00007ffc75f20000 - 0x00007ffc75f3a000 	C:\windows\SYSTEM32\dhcpcsvc.DLL
0x00007ffc68d20000 - 0x00007ffc68d63000 	C:\windows\System32\netprofm.dll
0x00007ffc68640000 - 0x00007ffc6864e000 	C:\windows\System32\npmproxy.dll
0x00007ffc49640000 - 0x00007ffc4983d000 	C:\windows\system32\wpdshext.dll
0x00007ffc63d80000 - 0x00007ffc63f31000 	C:\windows\WinSxS\amd64_microsoft.windows.gdiplus_6595b64144ccf1df_1.1.9600.18470_none_9331b0df474a1995\gdiplus.dll
0x00007ffc73980000 - 0x00007ffc739ae000 	C:\Windows\System32\thumbcache.dll
0x00007ffc689a0000 - 0x00007ffc68a54000 	C:\Windows\System32\PortableDeviceApi.dll
0x00007ffc79c90000 - 0x00007ffc79ce1000 	C:\windows\system32\WINTRUST.dll
0x00007ffc79e90000 - 0x00007ffc7a06f000 	C:\windows\system32\CRYPT32.dll
0x00007ffc79bc0000 - 0x00007ffc79bd1000 	C:\windows\system32\MSASN1.dll
0x00007ffc67380000 - 0x00007ffc673ba000 	C:\Windows\System32\PortableDeviceTypes.dll
0x00007ffc5cfd0000 - 0x00007ffc5d007000 	C:\Windows\System32\EhStorShell.dll
0x00007ffc589c0000 - 0x00007ffc589e6000 	C:\Windows\System32\EhStorAPI.dll
0x00007ffc76e30000 - 0x00007ffc76e42000 	C:\Windows\System32\WTSAPI32.dll
0x00007ffc5f5e0000 - 0x00007ffc5f71c000 	C:\windows\system32\SearchFolder.dll
0x00007ffc72f00000 - 0x00007ffc72f34000 	C:\windows\System32\shacct.dll
0x00007ffc79190000 - 0x00007ffc791d6000 	C:\windows\SYSTEM32\powrprof.dll
0x00007ffc762c0000 - 0x00007ffc762df000 	C:\windows\System32\SAMLIB.dll
0x00007ffc65d20000 - 0x00007ffc65de9000 	C:\Windows\System32\twinapi.dll
0x00007ffc611e0000 - 0x00007ffc61280000 	C:\Windows\System32\twinapi.appcore.dll
0x00007ffc58a60000 - 0x00007ffc58abe000 	C:\Program Files (x86)\REALTEK\Realtek Bluetooth\FtpShellExt.dll
0x00007ffc573e0000 - 0x00007ffc57493000 	C:\Program Files (x86)\REALTEK\Realtek Bluetooth\obexpf.dll
0x000000005d5b0000 - 0x000000005da99000 	C:\windows\WinSxS\amd64_microsoft.vc90.mfc_1fc8b3b9a1e18e3b_9.0.30729.4148_none_04480933ab2137b1\mfc90u.dll
0x000000005f8c0000 - 0x000000005f963000 	C:\windows\WinSxS\amd64_microsoft.vc90.crt_1fc8b3b9a1e18e3b_9.0.30729.8387_none_08e793bfa83a89b5\MSVCR90.dll
0x000000005e860000 - 0x000000005e88f000 	C:\windows\WinSxS\amd64_microsoft.vc90.atl_1fc8b3b9a1e18e3b_9.0.30729.4148_none_0a1d2fcba76b3f00\ATL90.DLL
0x00007ffc589f0000 - 0x00007ffc58a5d000 	C:\windows\SYSTEM32\irprops.cpl
0x00007ffc71f80000 - 0x00007ffc72109000 	C:\windows\SYSTEM32\dbghelp.dll
0x00007ffc72110000 - 0x00007ffc7214b000 	C:\windows\SYSTEM32\bthprops.cpl
0x00007ffc66a60000 - 0x00007ffc66a70000 	C:\Program Files (x86)\REALTEK\Realtek Bluetooth\rtsocket.dll
0x00007ffc71f60000 - 0x00007ffc71f80000 	C:\windows\SYSTEM32\BluetoothApis.dll
0x000000005ef90000 - 0x000000005ef9d000 	C:\windows\WinSxS\amd64_microsoft.vc90.mfcloc_1fc8b3b9a1e18e3b_9.0.30729.4148_none_01c6b44660ce74c3\MFC90ENU.DLL
0x00007ffc5c480000 - 0x00007ffc5c61d000 	C:\windows\system32\NetworkExplorer.dll
0x00007ffc5c320000 - 0x00007ffc5c345000 	C:\windows\system32\mssprxy.dll
0x00007ffc72bf0000 - 0x00007ffc72c18000 	C:\windows\System32\IDStore.dll
0x00007ffc66bf0000 - 0x00007ffc66c69000 	C:\windows\System32\wlidprov.dll

VM Arguments:
jvm_args: -Dfile.encoding=UTF-8 
java_command: C:\Users\Jonathan\Documents\NetBeansProjects\ControllyV2\dist\run851376054\ControllyV2.jar
java_class_path (initial): C:\Users\Jonathan\Documents\NetBeansProjects\ControllyV2\dist\run851376054\ControllyV2.jar
Launcher Type: SUN_STANDARD

Environment Variables:
PATH=C:\Python27\;C:\Python27\Scripts;C:\ProgramData\Oracle\Java\javapath;C:\Program Files (x86)\Intel\iCLS Client\;C:\Program Files\Intel\iCLS Client\;C:\windows\system32;C:\windows;C:\windows\System32\Wbem;C:\windows\System32\WindowsPowerShell\v1.0\;C:\Program Files\Intel\Intel(R) Management Engine Components\DAL;C:\Program Files (x86)\Intel\Intel(R) Management Engine Components\DAL;C:\Program Files\Intel\Intel(R) Management Engine Components\IPT;C:\Program Files (x86)\Intel\Intel(R) Management Engine Components\IPT;C:\Program Files (x86)\Microchip\xc16\v1.30\bin;C:\Program Files (x86)\Microchip\MPLAB C32 Suite\bin;C:\Program Files\MiKTeX 2.9\miktex\bin\x64\;C:\Program Files (x86)\LyX 2.2\Perl\bin
USERNAME=Jonathan
OS=Windows_NT
PROCESSOR_IDENTIFIER=Intel64 Family 6 Model 60 Stepping 3, GenuineIntel



---------------  S Y S T E M  ---------------

OS: Windows 8.1 , 64 bit Build 9600 (6.3.9600.17415)

CPU:total 4 (4 cores per cpu, 1 threads per core) family 6 model 60 stepping 3, cmov, cx8, fxsr, mmx, sse, sse2, sse3, ssse3, sse4.1, sse4.2, popcnt, avx, avx2, aes, clmul, erms, lzcnt, tsc, tscinvbit, bmi1, bmi2

Memory: 4k page, physical 8303816k(2569960k free), swap 16692424k(9530480k free)

vm_info: Java HotSpot(TM) 64-Bit Server VM (25.111-b14) for windows-amd64 JRE (1.8.0_111-b14), built on Sep 22 2016 19:24:05 by "java_re" with MS VC++ 10.0 (VS2010)

time: Mon Jan 30 17:00:17 2017
elapsed time: 19 seconds (0d 0h 0m 19s)

